-encoding
UTF-8
-outxml
-source
1.6
-target
1.6
-classpath
/home/kunta/.m2/repository/junit/junit/4.11/junit-4.11.jar:/home/kunta/.m2/repository/log4j/log4j/1.2.17/log4j-1.2.17.jar:/home/kunta/.m2/repository/org/slf4j/slf4j-api/1.7.5/slf4j-api-1.7.5.jar:/home/kunta/.m2/repository/org/slf4j/jcl-over-slf4j/1.7.5/jcl-over-slf4j-1.7.5.jar:/home/kunta/.m2/repository/org/slf4j/slf4j-log4j12/1.7.5/slf4j-log4j12-1.7.5.jar:/home/kunta/.m2/repository/org/aspectj/aspectjrt/1.7.4/aspectjrt-1.7.4.jar:/home/kunta/.m2/repository/org/aspectj/aspectjweaver/1.7.4/aspectjweaver-1.7.4.jar:/home/kunta/.m2/repository/javax/servlet/servlet-api/2.5/servlet-api-2.5.jar:/home/kunta/.m2/repository/net/sf/flexjson/flexjson/2.1/flexjson-2.1.jar:/home/kunta/.m2/repository/org/apache/commons/commons-lang3/3.1/commons-lang3-3.1.jar:/home/kunta/.m2/repository/org/springframework/roo/org.springframework.roo.annotations/1.2.5.RELEASE/org.springframework.roo.annotations-1.2.5.RELEASE.jar:/home/kunta/.m2/repository/org/springframework/spring-core/3.2.6.RELEASE/spring-core-3.2.6.RELEASE.jar:/home/kunta/.m2/repository/org/springframework/spring-test/3.2.6.RELEASE/spring-test-3.2.6.RELEASE.jar:/home/kunta/.m2/repository/org/springframework/spring-context/3.2.6.RELEASE/spring-context-3.2.6.RELEASE.jar:/home/kunta/.m2/repository/org/springframework/spring-aop/3.2.6.RELEASE/spring-aop-3.2.6.RELEASE.jar:/home/kunta/.m2/repository/org/springframework/spring-aspects/3.2.6.RELEASE/spring-aspects-3.2.6.RELEASE.jar:/home/kunta/.m2/repository/org/hsqldb/hsqldb/2.2.9/hsqldb-2.2.9.jar:/home/kunta/.m2/repository/org/hibernate/hibernate-core/4.2.2.Final/hibernate-core-4.2.2.Final.jar:/home/kunta/.m2/repository/org/hibernate/hibernate-entitymanager/4.2.2.Final/hibernate-entitymanager-4.2.2.Final.jar:/home/kunta/.m2/repository/org/hibernate/javax/persistence/hibernate-jpa-2.0-api/1.0.1.Final/hibernate-jpa-2.0-api-1.0.1.Final.jar:/home/kunta/.m2/repository/commons-collections/commons-collections/3.2.1/commons-collections-3.2.1.jar:/home/kunta/.m2/repository/org/hibernate/hibernate-validator/4.3.1.Final/hibernate-validator-4.3.1.Final.jar:/home/kunta/.m2/repository/javax/validation/validation-api/1.0.0.GA/validation-api-1.0.0.GA.jar:/home/kunta/.m2/repository/javax/transaction/jta/1.1/jta-1.1.jar:/home/kunta/.m2/repository/org/springframework/spring-jdbc/3.2.6.RELEASE/spring-jdbc-3.2.6.RELEASE.jar:/home/kunta/.m2/repository/org/springframework/spring-orm/3.2.6.RELEASE/spring-orm-3.2.6.RELEASE.jar:/home/kunta/.m2/repository/commons-pool/commons-pool/1.5.6/commons-pool-1.5.6.jar:/home/kunta/.m2/repository/commons-dbcp/commons-dbcp/1.4/commons-dbcp-1.4.jar:/home/kunta/.m2/repository/com/sun/faces/jsf-api/2.1.2/jsf-api-2.1.2.jar:/home/kunta/.m2/repository/com/sun/faces/jsf-impl/2.1.2/jsf-impl-2.1.2.jar:/home/kunta/.m2/repository/org/primefaces/primefaces/3.5/primefaces-3.5.jar:/home/kunta/.m2/repository/org/primefaces/themes/south-street/1.0.10/south-street-1.0.10.jar:/home/kunta/.m2/repository/org/springframework/spring-web/3.2.6.RELEASE/spring-web-3.2.6.RELEASE.jar:/home/kunta/.m2/repository/javax/el/el-api/2.2/el-api-2.2.jar:/home/kunta/.m2/repository/commons-fileupload/commons-fileupload/1.2.2/commons-fileupload-1.2.2.jar:/home/kunta/.m2/repository/commons-io/commons-io/2.1/commons-io-2.1.jar:/home/kunta/.m2/repository/org/primefaces/themes/redmond/1.0.10/redmond-1.0.10.jar:/home/kunta/.m2/repository/commons-codec/commons-codec/1.8/commons-codec-1.8.jar:/home/kunta/.m2/repository/org/springframework/spring-beans/3.2.6.RELEASE/spring-beans-3.2.6.RELEASE.jar:/home/kunta/.m2/repository/org/springframework/spring-expression/3.2.6.RELEASE/spring-expression-3.2.6.RELEASE.jar:/home/kunta/.m2/repository/aopalliance/aopalliance/1.0/aopalliance-1.0.jar:/home/kunta/.m2/repository/org/springframework/spring-context-support/3.2.6.RELEASE/spring-context-support-3.2.6.RELEASE.jar:/home/kunta/.m2/repository/antlr/antlr/2.7.7/antlr-2.7.7.jar:/home/kunta/.m2/repository/org/jboss/logging/jboss-logging/3.1.0.GA/jboss-logging-3.1.0.GA.jar:/home/kunta/.m2/repository/dom4j/dom4j/1.6.1/dom4j-1.6.1.jar:/home/kunta/.m2/repository/org/jboss/spec/javax/transaction/jboss-transaction-api_1.1_spec/1.0.1.Final/jboss-transaction-api_1.1_spec-1.0.1.Final.jar:/home/kunta/.m2/repository/org/hibernate/common/hibernate-commons-annotations/4.0.2.Final/hibernate-commons-annotations-4.0.2.Final.jar:/home/kunta/.m2/repository/org/javassist/javassist/3.15.0-GA/javassist-3.15.0-GA.jar:/home/kunta/.m2/repository/org/springframework/spring-tx/3.2.6.RELEASE/spring-tx-3.2.6.RELEASE.jar:/home/kunta/DEVELOPMENT/projects/concordia/6260/concordia/target/classes
-aspectpath
/home/kunta/.m2/repository/org/springframework/spring-aspects/3.2.6.RELEASE/spring-aspects-3.2.6.RELEASE.jar
-d
/home/kunta/DEVELOPMENT/projects/concordia/6260/concordia/target/classes
/home/kunta/DEVELOPMENT/projects/concordia/6260/concordia/src/main/java/encs/concordia/Customer.java
/home/kunta/DEVELOPMENT/projects/concordia/6260/concordia/src/main/java/encs/concordia/Customer_Roo_Jpa_Entity.aj
/home/kunta/DEVELOPMENT/projects/concordia/6260/concordia/src/main/java/encs/concordia/Customer_Roo_JavaBean.aj
/home/kunta/DEVELOPMENT/projects/concordia/6260/concordia/src/main/java/encs/concordia/jsf/CustomerBean_Roo_Serializable.aj
/home/kunta/DEVELOPMENT/projects/concordia/6260/concordia/src/main/java/encs/concordia/jsf/converter/CustomerConverter_Roo_Configurable.aj
/home/kunta/DEVELOPMENT/projects/concordia/6260/concordia/src/main/java/encs/concordia/jsf/converter/CustomerConverter_Roo_Converter.aj
/home/kunta/DEVELOPMENT/projects/concordia/6260/concordia/src/main/java/encs/concordia/jsf/converter/CustomerConverter.java
/home/kunta/DEVELOPMENT/projects/concordia/6260/concordia/src/main/java/encs/concordia/jsf/CustomerBean_Roo_ManagedBean.aj
/home/kunta/DEVELOPMENT/projects/concordia/6260/concordia/src/main/java/encs/concordia/jsf/util/LocaleBean.java
/home/kunta/DEVELOPMENT/projects/concordia/6260/concordia/src/main/java/encs/concordia/jsf/util/ViewExpiredExceptionExceptionHandlerFactory.java
/home/kunta/DEVELOPMENT/projects/concordia/6260/concordia/src/main/java/encs/concordia/jsf/util/ViewExpiredExceptionExceptionHandler.java
/home/kunta/DEVELOPMENT/projects/concordia/6260/concordia/src/main/java/encs/concordia/jsf/util/MessageFactory.java
/home/kunta/DEVELOPMENT/projects/concordia/6260/concordia/src/main/java/encs/concordia/jsf/ApplicationBean.java
/home/kunta/DEVELOPMENT/projects/concordia/6260/concordia/src/main/java/encs/concordia/jsf/ApplicationBean_Roo_ApplicationBean.aj
/home/kunta/DEVELOPMENT/projects/concordia/6260/concordia/src/main/java/encs/concordia/jsf/CustomerBean.java
/home/kunta/DEVELOPMENT/projects/concordia/6260/concordia/src/main/java/encs/concordia/jsf/CustomerBean_Roo_Configurable.aj
/home/kunta/DEVELOPMENT/projects/concordia/6260/concordia/src/main/java/encs/concordia/jsf/ApplicationBean_Roo_Configurable.aj
/home/kunta/DEVELOPMENT/projects/concordia/6260/concordia/src/main/java/encs/concordia/Customer_Roo_Configurable.aj
/home/kunta/DEVELOPMENT/projects/concordia/6260/concordia/src/main/java/encs/concordia/Customer_Roo_Jpa_ActiveRecord.aj
/home/kunta/DEVELOPMENT/projects/concordia/6260/concordia/src/main/java/encs/concordia/Customer_Roo_ToString.aj
